<?xml version="1.0" encoding="UTF-8"?>
<!-- Generated by org.testng.reporters.JUnitXMLReporter -->
<testsuite ignored="0" hostname="DELL-C0HKRC2" failures="0" tests="1" name="PruebaConFirefox" time="0.013" errors="0" timestamp="2022-03-16T10:42:24 ART">
  <testcase classname="pruebas.LoginCrossBrowsingTest" name="@BeforeSuite setUp" time="-1.647438144264E9">
    <failure type="org.testng.TestNGException" message="
Parameter &amp;apos;navegador&amp;apos; is required by BeforeSuite on method setUp but has not been marked @Optional or defined
in C:\Users\BairesDev\eclipse-workspaceNew\EducacionIT21Feb2022\testngCrossBrowsing.xml">
      <![CDATA[org.testng.TestNGException: 
Parameter 'navegador' is required by BeforeSuite on method setUp but has not been marked @Optional or defined
in C:\Users\BairesDev\eclipse-workspaceNew\EducacionIT21Feb2022\testngCrossBrowsing.xml
... Removed 16 stack frames]]>
    </failure>
  </testcase> <!-- @BeforeSuite setUp -->
  <testcase classname="pruebas.LoginCrossBrowsingTest" name="login" time="0.0">
    <skipped/>
  </testcase> <!-- login -->
</testsuite> <!-- PruebaConFirefox -->
