<?xml version="1.0" encoding="UTF-8"?>
<!-- Generated by org.testng.reporters.JUnitXMLReporter -->
<testsuite ignored="0" hostname="DELL-C0HKRC2" failures="0" tests="1" name="TestEnFirefox" time="0.019" errors="0" timestamp="2022-03-14T19:54:19 ART">
  <testcase classname="Edit.EducacionIT21Feb2022.Laboratorio5" name="@BeforeSuite setUp" time="-1.647298459214E9">
    <failure type="org.testng.TestNGException" message="
Parameter &amp;apos;navegador&amp;apos; is required by BeforeSuite on method setUp but has not been marked @Optional or defined
in C:\Users\BairesDev\eclipse-workspaceNew\EducacionIT21Feb2022\testngCrossBrowsing.xml">
      <![CDATA[org.testng.TestNGException: 
Parameter 'navegador' is required by BeforeSuite on method setUp but has not been marked @Optional or defined
in C:\Users\BairesDev\eclipse-workspaceNew\EducacionIT21Feb2022\testngCrossBrowsing.xml
... Removed 16 stack frames]]>
    </failure>
  </testcase> <!-- @BeforeSuite setUp -->
  <testcase classname="Edit.EducacionIT21Feb2022.Laboratorio5" name="IrAContactUs" time="0.0">
    <skipped/>
  </testcase> <!-- IrAContactUs -->
</testsuite> <!-- TestEnFirefox -->
