<?xml version="1.0" encoding="UTF-8"?>
<!-- Generated by org.testng.reporters.JUnitReportReporter -->
<testsuite hostname="DELL-C0HKRC2" failures="0" tests="3" name="Edit.EducacionIT21Feb2022.Laboratorio5" time="-1647298816.000" errors="1" timestamp="2022-03-14T20:00:34 ART" skipped="2">
  <testcase classname="Edit.EducacionIT21Feb2022.Laboratorio5" name="setUp" time="-1647298816.000">
    <error message="
Parameter &#039;navegador&#039; is required by BeforeSuite on method setUp but has not been marked @Optional or defined
in C:\Users\BairesDev\eclipse-workspaceNew\EducacionIT21Feb2022\testngCrossBrowsing.xml" type="org.testng.TestNGException">
      <![CDATA[org.testng.TestNGException: 
Parameter 'navegador' is required by BeforeSuite on method setUp but has not been marked @Optional or defined
in C:\Users\BairesDev\eclipse-workspaceNew\EducacionIT21Feb2022\testngCrossBrowsing.xml
at org.testng.internal.Parameters.createParams(Parameters.java:267)
at org.testng.internal.Parameters.createParametersForMethod(Parameters.java:355)
at org.testng.internal.Parameters.createParameters(Parameters.java:660)
at org.testng.internal.Parameters.createConfigurationParameters(Parameters.java:166)
at org.testng.internal.invokers.ConfigInvoker.invokeConfigurations(ConfigInvoker.java:300)
at org.testng.SuiteRunner.privateRun(SuiteRunner.java:368)
at org.testng.SuiteRunner.run(SuiteRunner.java:326)
at org.testng.SuiteRunnerWorker.runSuite(SuiteRunnerWorker.java:52)
at org.testng.SuiteRunnerWorker.run(SuiteRunnerWorker.java:95)
at org.testng.TestNG.runSuitesSequentially(TestNG.java:1249)
at org.testng.TestNG.runSuitesLocally(TestNG.java:1169)
at org.testng.TestNG.runSuites(TestNG.java:1092)
at org.testng.TestNG.run(TestNG.java:1060)
at org.testng.remote.AbstractRemoteTestNG.run(AbstractRemoteTestNG.java:115)
at org.testng.remote.RemoteTestNG.initAndRun(RemoteTestNG.java:251)
at org.testng.remote.RemoteTestNG.main(RemoteTestNG.java:77)
]]>
    </error>
  </testcase> <!-- setUp -->
  <system-out/>
  <testcase classname="Edit.EducacionIT21Feb2022.Laboratorio5" name="IrAContactUs" time="0.000">
    <skipped/>
  </testcase> <!-- IrAContactUs -->
  <system-out/>
  <testcase classname="Edit.EducacionIT21Feb2022.Laboratorio5" name="IrAContactUs" time="0.000">
    <skipped/>
  </testcase> <!-- IrAContactUs -->
  <system-out/>
</testsuite> <!-- Edit.EducacionIT21Feb2022.Laboratorio5 -->
